==163== Memcheck, a memory error detector
==163== Copyright (C) 2002-2015, and GNU GPL'd, by Julian Seward et al.
==163== Using Valgrind-3.11.0 and LibVEX; rerun with -h for copyright info
==163== Command: ./thresh exampleImages/CondProb.bmp output1.bmp 1 2
==163== Parent PID: 162
==163== 
--163-- 
--163-- Valgrind options:
--163--    --tool=memcheck
--163--    --verbose
--163--    --log-file=./valgrind.log
--163-- Contents of /proc/version:
--163--   Linux version 4.4.0-17134-Microsoft (Microsoft@Microsoft.com) (gcc version 5.4.0 (GCC) ) #345-Microsoft Wed Sep 19 17:47:00 PST 2018
--163-- 
--163-- Arch and hwcaps: AMD64, LittleEndian, amd64-cx16-lzcnt-rdtscp-sse3-avx-avx2-bmi
--163-- Page sizes: currently 4096, max supported 4096
--163-- Valgrind library directory: /usr/lib/valgrind
--163-- Reading syms from /mnt/c/Users/Moiz/Documents/College/ECE264/solutions/HW11/thresh
--163-- Reading syms from /lib/x86_64-linux-gnu/ld-2.23.so
--163--   Considering /lib/x86_64-linux-gnu/ld-2.23.so ..
--163--   .. CRC mismatch (computed aa979a42 wanted 9019bbb7)
--163--   Considering /usr/lib/debug/lib/x86_64-linux-gnu/ld-2.23.so ..
--163--   .. CRC is valid
--163-- Reading syms from /usr/lib/valgrind/memcheck-amd64-linux
--163--   Considering /usr/lib/valgrind/memcheck-amd64-linux ..
--163--   .. CRC mismatch (computed eea41ea9 wanted 2009db78)
--163--    object doesn't have a symbol table
--163--    object doesn't have a dynamic symbol table
--163-- Scheduler: using generic scheduler lock implementation.
--163-- Reading suppressions file: /usr/lib/valgrind/default.supp
==163== embedded gdbserver: reading from /tmp/vgdb-pipe-from-vgdb-to-163-by-mrasheed-on-???
==163== embedded gdbserver: writing to   /tmp/vgdb-pipe-to-vgdb-from-163-by-mrasheed-on-???
==163== embedded gdbserver: shared mem   /tmp/vgdb-pipe-shared-mem-vgdb-163-by-mrasheed-on-???
==163== 
==163== TO CONTROL THIS PROCESS USING vgdb (which you probably
==163== don't want to do, unless you know exactly what you're doing,
==163== or are doing some strange experiment):
==163==   /usr/lib/valgrind/../../bin/vgdb --pid=163 ...command...
==163== 
==163== TO DEBUG THIS PROCESS USING GDB: start GDB like this
==163==   /path/to/gdb ./thresh
==163== and then give GDB the following command
==163==   target remote | /usr/lib/valgrind/../../bin/vgdb --pid=163
==163== --pid is optional if only one valgrind process is running
==163== 
==163== error calling PR_SET_PTRACER, vgdb might block
--163-- REDIR: 0x401cfd0 (ld-linux-x86-64.so.2:strlen) redirected to 0x3809e181 (???)
--163-- Reading syms from /usr/lib/valgrind/vgpreload_core-amd64-linux.so
--163--   Considering /usr/lib/valgrind/vgpreload_core-amd64-linux.so ..
--163--   .. CRC mismatch (computed 2567ccf6 wanted 49420590)
--163--    object doesn't have a symbol table
--163-- Reading syms from /usr/lib/valgrind/vgpreload_memcheck-amd64-linux.so
--163--   Considering /usr/lib/valgrind/vgpreload_memcheck-amd64-linux.so ..
--163--   .. CRC mismatch (computed 0e27c9a8 wanted ac585421)
--163--    object doesn't have a symbol table
==163== WARNING: new redirection conflicts with existing -- ignoring it
--163--     old: 0x0401cfd0 (strlen              ) R-> (0000.0) 0x3809e181 ???
--163--     new: 0x0401cfd0 (strlen              ) R-> (2007.0) 0x04c31020 strlen
--163-- REDIR: 0x401b920 (ld-linux-x86-64.so.2:index) redirected to 0x4c30bc0 (index)
--163-- REDIR: 0x401bb40 (ld-linux-x86-64.so.2:strcmp) redirected to 0x4c320d0 (strcmp)
--163-- REDIR: 0x401dd30 (ld-linux-x86-64.so.2:mempcpy) redirected to 0x4c35270 (mempcpy)
--163-- Reading syms from /lib/x86_64-linux-gnu/libc-2.23.so
--163--   Considering /lib/x86_64-linux-gnu/libc-2.23.so ..
--163--   .. CRC mismatch (computed 7a8ee3e4 wanted a5190ac4)
--163--   Considering /usr/lib/debug/lib/x86_64-linux-gnu/libc-2.23.so ..
--163--   .. CRC is valid
--163-- REDIR: 0x4ec9a00 (libc.so.6:strcasecmp) redirected to 0x4a286f0 (_vgnU_ifunc_wrapper)
--163-- REDIR: 0x4ec5280 (libc.so.6:strcspn) redirected to 0x4a286f0 (_vgnU_ifunc_wrapper)
--163-- REDIR: 0x4ecbcf0 (libc.so.6:strncasecmp) redirected to 0x4a286f0 (_vgnU_ifunc_wrapper)
--163-- REDIR: 0x4ec76f0 (libc.so.6:strpbrk) redirected to 0x4a286f0 (_vgnU_ifunc_wrapper)
--163-- REDIR: 0x4ec7a80 (libc.so.6:strspn) redirected to 0x4a286f0 (_vgnU_ifunc_wrapper)
--163-- REDIR: 0x4ec914b (libc.so.6:memcpy@GLIBC_2.2.5) redirected to 0x4a286f0 (_vgnU_ifunc_wrapper)
--163-- REDIR: 0x4ec7400 (libc.so.6:rindex) redirected to 0x4c308a0 (rindex)
--163-- REDIR: 0x4ebe130 (libc.so.6:malloc) redirected to 0x4c2db20 (malloc)
--163-- REDIR: 0x4ec8060 (libc.so.6:__GI_strstr) redirected to 0x4c354d0 (__strstr_sse2)
--163-- REDIR: 0x4ece470 (libc.so.6:__GI_memcpy) redirected to 0x4c32b00 (__GI_memcpy)
--163-- REDIR: 0x4ec93b0 (libc.so.6:__GI_mempcpy) redirected to 0x4c34fa0 (__GI_mempcpy)
--163-- REDIR: 0x4ebe4f0 (libc.so.6:free) redirected to 0x4c2ed80 (free)
==163== 
==163== HEAP SUMMARY:
==163==     in use at exit: 0 bytes in 0 blocks
==163==   total heap usage: 10 allocs, 10 frees, 33,187,082 bytes allocated
==163== 
==163== All heap blocks were freed -- no leaks are possible
==163== 
==163== ERROR SUMMARY: 0 errors from 0 contexts (suppressed: 0 from 0)
==163== ERROR SUMMARY: 0 errors from 0 contexts (suppressed: 0 from 0)
