==167== Memcheck, a memory error detector
==167== Copyright (C) 2002-2015, and GNU GPL'd, by Julian Seward et al.
==167== Using Valgrind-3.11.0 and LibVEX; rerun with -h for copyright info
==167== Command: ./shuf 7 2
==167== Parent PID: 154
==167== 
--167-- 
--167-- Valgrind options:
--167--    --tool=memcheck
--167--    --verbose
--167--    --log-file=./valgrind.log
--167-- Contents of /proc/version:
--167--   Linux version 4.4.0-17134-Microsoft (Microsoft@Microsoft.com) (gcc version 5.4.0 (GCC) ) #285-Microsoft Thu Aug 30 17:31:00 PST 2018
--167-- 
--167-- Arch and hwcaps: AMD64, LittleEndian, amd64-cx16-lzcnt-rdtscp-sse3-avx-avx2-bmi
--167-- Page sizes: currently 4096, max supported 4096
--167-- Valgrind library directory: /usr/lib/valgrind
--167-- Reading syms from /mnt/c/Users/Moiz/Documents/College/ECE264/solutions/HW09/shuf
--167-- Reading syms from /lib/x86_64-linux-gnu/ld-2.23.so
--167--   Considering /lib/x86_64-linux-gnu/ld-2.23.so ..
--167--   .. CRC mismatch (computed aa979a42 wanted 9019bbb7)
--167--   Considering /usr/lib/debug/lib/x86_64-linux-gnu/ld-2.23.so ..
--167--   .. CRC is valid
--167-- Reading syms from /usr/lib/valgrind/memcheck-amd64-linux
--167--   Considering /usr/lib/valgrind/memcheck-amd64-linux ..
--167--   .. CRC mismatch (computed eea41ea9 wanted 2009db78)
--167--    object doesn't have a symbol table
--167--    object doesn't have a dynamic symbol table
--167-- Scheduler: using generic scheduler lock implementation.
--167-- Reading suppressions file: /usr/lib/valgrind/default.supp
==167== embedded gdbserver: reading from /tmp/vgdb-pipe-from-vgdb-to-167-by-mrasheed-on-???
==167== embedded gdbserver: writing to   /tmp/vgdb-pipe-to-vgdb-from-167-by-mrasheed-on-???
==167== embedded gdbserver: shared mem   /tmp/vgdb-pipe-shared-mem-vgdb-167-by-mrasheed-on-???
==167== 
==167== TO CONTROL THIS PROCESS USING vgdb (which you probably
==167== don't want to do, unless you know exactly what you're doing,
==167== or are doing some strange experiment):
==167==   /usr/lib/valgrind/../../bin/vgdb --pid=167 ...command...
==167== 
==167== TO DEBUG THIS PROCESS USING GDB: start GDB like this
==167==   /path/to/gdb ./shuf
==167== and then give GDB the following command
==167==   target remote | /usr/lib/valgrind/../../bin/vgdb --pid=167
==167== --pid is optional if only one valgrind process is running
==167== 
==167== error calling PR_SET_PTRACER, vgdb might block
--167-- REDIR: 0x401cfd0 (ld-linux-x86-64.so.2:strlen) redirected to 0x3809e181 (???)
--167-- Reading syms from /usr/lib/valgrind/vgpreload_core-amd64-linux.so
--167--   Considering /usr/lib/valgrind/vgpreload_core-amd64-linux.so ..
--167--   .. CRC mismatch (computed 2567ccf6 wanted 49420590)
--167--    object doesn't have a symbol table
--167-- Reading syms from /usr/lib/valgrind/vgpreload_memcheck-amd64-linux.so
--167--   Considering /usr/lib/valgrind/vgpreload_memcheck-amd64-linux.so ..
--167--   .. CRC mismatch (computed 0e27c9a8 wanted ac585421)
--167--    object doesn't have a symbol table
==167== WARNING: new redirection conflicts with existing -- ignoring it
--167--     old: 0x0401cfd0 (strlen              ) R-> (0000.0) 0x3809e181 ???
--167--     new: 0x0401cfd0 (strlen              ) R-> (2007.0) 0x04c31020 strlen
--167-- REDIR: 0x401b920 (ld-linux-x86-64.so.2:index) redirected to 0x4c30bc0 (index)
--167-- REDIR: 0x401bb40 (ld-linux-x86-64.so.2:strcmp) redirected to 0x4c320d0 (strcmp)
--167-- REDIR: 0x401dd30 (ld-linux-x86-64.so.2:mempcpy) redirected to 0x4c35270 (mempcpy)
--167-- Reading syms from /lib/x86_64-linux-gnu/libc-2.23.so
--167--   Considering /lib/x86_64-linux-gnu/libc-2.23.so ..
--167--   .. CRC mismatch (computed 7a8ee3e4 wanted a5190ac4)
--167--   Considering /usr/lib/debug/lib/x86_64-linux-gnu/libc-2.23.so ..
--167--   .. CRC is valid
--167-- REDIR: 0x4ec9a00 (libc.so.6:strcasecmp) redirected to 0x4a286f0 (_vgnU_ifunc_wrapper)
--167-- REDIR: 0x4ec5280 (libc.so.6:strcspn) redirected to 0x4a286f0 (_vgnU_ifunc_wrapper)
--167-- REDIR: 0x4ecbcf0 (libc.so.6:strncasecmp) redirected to 0x4a286f0 (_vgnU_ifunc_wrapper)
--167-- REDIR: 0x4ec76f0 (libc.so.6:strpbrk) redirected to 0x4a286f0 (_vgnU_ifunc_wrapper)
--167-- REDIR: 0x4ec7a80 (libc.so.6:strspn) redirected to 0x4a286f0 (_vgnU_ifunc_wrapper)
--167-- REDIR: 0x4ec914b (libc.so.6:memcpy@GLIBC_2.2.5) redirected to 0x4a286f0 (_vgnU_ifunc_wrapper)
--167-- REDIR: 0x4ec7400 (libc.so.6:rindex) redirected to 0x4c308a0 (rindex)
--167-- REDIR: 0x4ebe130 (libc.so.6:malloc) redirected to 0x4c2db20 (malloc)
--167-- REDIR: 0x4ec73c0 (libc.so.6:strncpy) redirected to 0x4a286f0 (_vgnU_ifunc_wrapper)
--167-- REDIR: 0x4ee0000 (libc.so.6:__strncpy_sse2_unaligned) redirected to 0x4c31570 (__strncpy_sse2_unaligned)
--167-- REDIR: 0x4ec93b0 (libc.so.6:__GI_mempcpy) redirected to 0x4c34fa0 (__GI_mempcpy)
--167-- REDIR: 0x4ebe4f0 (libc.so.6:free) redirected to 0x4c2ed80 (free)
==167== 
==167== HEAP SUMMARY:
==167==     in use at exit: 0 bytes in 0 blocks
==167==   total heap usage: 255 allocs, 255 frees, 22,384 bytes allocated
==167== 
==167== All heap blocks were freed -- no leaks are possible
==167== 
==167== ERROR SUMMARY: 0 errors from 0 contexts (suppressed: 0 from 0)
==167== ERROR SUMMARY: 0 errors from 0 contexts (suppressed: 0 from 0)
