==219== Memcheck, a memory error detector
==219== Copyright (C) 2002-2015, and GNU GPL'd, by Julian Seward et al.
==219== Using Valgrind-3.11.0 and LibVEX; rerun with -h for copyright info
==219== Command: ./gray exampleImages/CondProb.bmp output1.bmp
==219== Parent PID: 206
==219== 
--219-- 
--219-- Valgrind options:
--219--    --tool=memcheck
--219--    --verbose
--219--    --log-file=./valgrind.log
--219-- Contents of /proc/version:
--219--   Linux version 4.4.0-17134-Microsoft (Microsoft@Microsoft.com) (gcc version 5.4.0 (GCC) ) #345-Microsoft Wed Sep 19 17:47:00 PST 2018
--219-- 
--219-- Arch and hwcaps: AMD64, LittleEndian, amd64-cx16-lzcnt-rdtscp-sse3-avx-avx2-bmi
--219-- Page sizes: currently 4096, max supported 4096
--219-- Valgrind library directory: /usr/lib/valgrind
--219-- Reading syms from /mnt/c/Users/Moiz/Documents/College/ECE264/solutions/HW10/gray
--219-- Reading syms from /lib/x86_64-linux-gnu/ld-2.23.so
--219--   Considering /lib/x86_64-linux-gnu/ld-2.23.so ..
--219--   .. CRC mismatch (computed aa979a42 wanted 9019bbb7)
--219--   Considering /usr/lib/debug/lib/x86_64-linux-gnu/ld-2.23.so ..
--219--   .. CRC is valid
--219-- Reading syms from /usr/lib/valgrind/memcheck-amd64-linux
--219--   Considering /usr/lib/valgrind/memcheck-amd64-linux ..
--219--   .. CRC mismatch (computed eea41ea9 wanted 2009db78)
--219--    object doesn't have a symbol table
--219--    object doesn't have a dynamic symbol table
--219-- Scheduler: using generic scheduler lock implementation.
--219-- Reading suppressions file: /usr/lib/valgrind/default.supp
==219== embedded gdbserver: reading from /tmp/vgdb-pipe-from-vgdb-to-219-by-mrasheed-on-???
==219== embedded gdbserver: writing to   /tmp/vgdb-pipe-to-vgdb-from-219-by-mrasheed-on-???
==219== embedded gdbserver: shared mem   /tmp/vgdb-pipe-shared-mem-vgdb-219-by-mrasheed-on-???
==219== 
==219== TO CONTROL THIS PROCESS USING vgdb (which you probably
==219== don't want to do, unless you know exactly what you're doing,
==219== or are doing some strange experiment):
==219==   /usr/lib/valgrind/../../bin/vgdb --pid=219 ...command...
==219== 
==219== TO DEBUG THIS PROCESS USING GDB: start GDB like this
==219==   /path/to/gdb ./gray
==219== and then give GDB the following command
==219==   target remote | /usr/lib/valgrind/../../bin/vgdb --pid=219
==219== --pid is optional if only one valgrind process is running
==219== 
==219== error calling PR_SET_PTRACER, vgdb might block
--219-- REDIR: 0x401cfd0 (ld-linux-x86-64.so.2:strlen) redirected to 0x3809e181 (???)
--219-- Reading syms from /usr/lib/valgrind/vgpreload_core-amd64-linux.so
--219--   Considering /usr/lib/valgrind/vgpreload_core-amd64-linux.so ..
--219--   .. CRC mismatch (computed 2567ccf6 wanted 49420590)
--219--    object doesn't have a symbol table
--219-- Reading syms from /usr/lib/valgrind/vgpreload_memcheck-amd64-linux.so
--219--   Considering /usr/lib/valgrind/vgpreload_memcheck-amd64-linux.so ..
--219--   .. CRC mismatch (computed 0e27c9a8 wanted ac585421)
--219--    object doesn't have a symbol table
==219== WARNING: new redirection conflicts with existing -- ignoring it
--219--     old: 0x0401cfd0 (strlen              ) R-> (0000.0) 0x3809e181 ???
--219--     new: 0x0401cfd0 (strlen              ) R-> (2007.0) 0x04c31020 strlen
--219-- REDIR: 0x401b920 (ld-linux-x86-64.so.2:index) redirected to 0x4c30bc0 (index)
--219-- REDIR: 0x401bb40 (ld-linux-x86-64.so.2:strcmp) redirected to 0x4c320d0 (strcmp)
--219-- REDIR: 0x401dd30 (ld-linux-x86-64.so.2:mempcpy) redirected to 0x4c35270 (mempcpy)
--219-- Reading syms from /lib/x86_64-linux-gnu/libc-2.23.so
--219--   Considering /lib/x86_64-linux-gnu/libc-2.23.so ..
--219--   .. CRC mismatch (computed 7a8ee3e4 wanted a5190ac4)
--219--   Considering /usr/lib/debug/lib/x86_64-linux-gnu/libc-2.23.so ..
--219--   .. CRC is valid
--219-- REDIR: 0x4ec9a00 (libc.so.6:strcasecmp) redirected to 0x4a286f0 (_vgnU_ifunc_wrapper)
--219-- REDIR: 0x4ec5280 (libc.so.6:strcspn) redirected to 0x4a286f0 (_vgnU_ifunc_wrapper)
--219-- REDIR: 0x4ecbcf0 (libc.so.6:strncasecmp) redirected to 0x4a286f0 (_vgnU_ifunc_wrapper)
--219-- REDIR: 0x4ec76f0 (libc.so.6:strpbrk) redirected to 0x4a286f0 (_vgnU_ifunc_wrapper)
--219-- REDIR: 0x4ec7a80 (libc.so.6:strspn) redirected to 0x4a286f0 (_vgnU_ifunc_wrapper)
--219-- REDIR: 0x4ec914b (libc.so.6:memcpy@GLIBC_2.2.5) redirected to 0x4a286f0 (_vgnU_ifunc_wrapper)
--219-- REDIR: 0x4ec7400 (libc.so.6:rindex) redirected to 0x4c308a0 (rindex)
--219-- REDIR: 0x4ebe130 (libc.so.6:malloc) redirected to 0x4c2db20 (malloc)
--219-- REDIR: 0x4ec8060 (libc.so.6:__GI_strstr) redirected to 0x4c354d0 (__strstr_sse2)
--219-- REDIR: 0x4ece470 (libc.so.6:__GI_memcpy) redirected to 0x4c32b00 (__GI_memcpy)
--219-- REDIR: 0x4ec93b0 (libc.so.6:__GI_mempcpy) redirected to 0x4c34fa0 (__GI_mempcpy)
--219-- REDIR: 0x4ebe4f0 (libc.so.6:free) redirected to 0x4c2ed80 (free)
==219== 
==219== HEAP SUMMARY:
==219==     in use at exit: 0 bytes in 0 blocks
==219==   total heap usage: 8 allocs, 8 frees, 22,127,820 bytes allocated
==219== 
==219== All heap blocks were freed -- no leaks are possible
==219== 
==219== ERROR SUMMARY: 0 errors from 0 contexts (suppressed: 0 from 0)
==219== ERROR SUMMARY: 0 errors from 0 contexts (suppressed: 0 from 0)
